<?xml version="1.0" encoding="UTF-8"?>
<!-- Generated by org.testng.reporters.JUnitXMLReporter -->
<testsuite ignored="22" hostname="Pratiksha" failures="1" tests="1" name="Default test" time="17.205" errors="0" timestamp="2023-02-09T23:24:16 GMT-05:00">
  <testcase classname="AssignDemoQA.DemoQA_Assign" name="Sortable" time="9.573">
    <failure type="org.openqa.selenium.NoSuchWindowException" message="no such window: target window already closed
from unknown error: web view not found
  (Session info: chrome=109.0.5414.121)
Build info: version: &amp;apos;4.4.0&amp;apos;, revision: &amp;apos;e5c75ed026a&amp;apos;
System info: host: &amp;apos;PRATIKSHA&amp;apos;, ip: &amp;apos;192.168.1.5&amp;apos;, os.name: &amp;apos;Windows 11&amp;apos;, os.arch: &amp;apos;amd64&amp;apos;, os.version: &amp;apos;10.0&amp;apos;, java.version: &amp;apos;19.0.1&amp;apos;
Driver info: org.openqa.selenium.chrome.ChromeDriver
Command: [8c6caea5b4bd06c404d8e8cdf8d1c633, executeScript {script=window.scrollBy(0,200), args=[]}]
Capabilities {acceptInsecureCerts: false, browserName: chrome, browserVersion: 109.0.5414.121, chrome: {chromedriverVersion: 109.0.5414.74 (e7c5703604da..., userDataDir: C:\Users\naikp\AppData\Loca...}, goog:chromeOptions: {debuggerAddress: localhost:49690}, networkConnectionEnabled: false, pageLoadStrategy: normal, platformName: WINDOWS, proxy: Proxy(), se:cdp: ws://localhost:49690/devtoo..., se:cdpVersion: 109.0.5414.121, setWindowRect: true, strictFileInteractability: false, timeouts: {implicit: 0, pageLoad: 300000, script: 30000}, unhandledPromptBehavior: dismiss and notify, webauthn:extension:credBlob: true, webauthn:extension:largeBlob: true, webauthn:virtualAuthenticators: true}
Session ID: 8c6caea5b4bd06c404d8e8cdf8d1c633">
      <![CDATA[org.openqa.selenium.NoSuchWindowException: no such window: target window already closed
from unknown error: web view not found
  (Session info: chrome=109.0.5414.121)
Build info: version: '4.4.0', revision: 'e5c75ed026a'
System info: host: 'PRATIKSHA', ip: '192.168.1.5', os.name: 'Windows 11', os.arch: 'amd64', os.version: '10.0', java.version: '19.0.1'
Driver info: org.openqa.selenium.chrome.ChromeDriver
Command: [8c6caea5b4bd06c404d8e8cdf8d1c633, executeScript {script=window.scrollBy(0,200), args=[]}]
Capabilities {acceptInsecureCerts: false, browserName: chrome, browserVersion: 109.0.5414.121, chrome: {chromedriverVersion: 109.0.5414.74 (e7c5703604da..., userDataDir: C:\Users\naikp\AppData\Loca...}, goog:chromeOptions: {debuggerAddress: localhost:49690}, networkConnectionEnabled: false, pageLoadStrategy: normal, platformName: WINDOWS, proxy: Proxy(), se:cdp: ws://localhost:49690/devtoo..., se:cdpVersion: 109.0.5414.121, setWindowRect: true, strictFileInteractability: false, timeouts: {implicit: 0, pageLoad: 300000, script: 30000}, unhandledPromptBehavior: dismiss and notify, webauthn:extension:credBlob: true, webauthn:extension:largeBlob: true, webauthn:virtualAuthenticators: true}
Session ID: 8c6caea5b4bd06c404d8e8cdf8d1c633
at java.base/jdk.internal.reflect.DirectConstructorHandleAccessor.newInstance(DirectConstructorHandleAccessor.java:67)
at java.base/java.lang.reflect.Constructor.newInstanceWithCaller(Constructor.java:500)
at java.base/java.lang.reflect.Constructor.newInstance(Constructor.java:484)
at org.openqa.selenium.remote.codec.w3c.W3CHttpResponseCodec.createException(W3CHttpResponseCodec.java:200)
at org.openqa.selenium.remote.codec.w3c.W3CHttpResponseCodec.decode(W3CHttpResponseCodec.java:133)
at org.openqa.selenium.remote.codec.w3c.W3CHttpResponseCodec.decode(W3CHttpResponseCodec.java:53)
at org.openqa.selenium.remote.HttpCommandExecutor.execute(HttpCommandExecutor.java:184)
at org.openqa.selenium.remote.service.DriverCommandExecutor.invokeExecute(DriverCommandExecutor.java:167)
at org.openqa.selenium.remote.service.DriverCommandExecutor.execute(DriverCommandExecutor.java:142)
at org.openqa.selenium.remote.RemoteWebDriver.execute(RemoteWebDriver.java:547)
at org.openqa.selenium.remote.RemoteWebDriver.executeScript(RemoteWebDriver.java:481)
at AssignDemoQA.DemoQA_Assign.Sortable(DemoQA_Assign.java:458)
at java.base/jdk.internal.reflect.DirectMethodHandleAccessor.invoke(DirectMethodHandleAccessor.java:104)
at java.base/java.lang.reflect.Method.invoke(Method.java:578)
at org.testng.internal.MethodInvocationHelper.invokeMethod(MethodInvocationHelper.java:133)
at org.testng.internal.TestInvoker.invokeMethod(TestInvoker.java:598)
at org.testng.internal.TestInvoker.invokeTestMethod(TestInvoker.java:173)
at org.testng.internal.MethodRunner.runInSequence(MethodRunner.java:46)
at org.testng.internal.TestInvoker$MethodInvocationAgent.invoke(TestInvoker.java:824)
at org.testng.internal.TestInvoker.invokeTestMethods(TestInvoker.java:146)
at org.testng.internal.TestMethodWorker.invokeTestMethods(TestMethodWorker.java:146)
at org.testng.internal.TestMethodWorker.run(TestMethodWorker.java:128)
at java.base/java.util.ArrayList.forEach(ArrayList.java:1511)
at org.testng.TestRunner.privateRun(TestRunner.java:794)
at org.testng.TestRunner.run(TestRunner.java:596)
at org.testng.SuiteRunner.runTest(SuiteRunner.java:377)
at org.testng.SuiteRunner.runSequentially(SuiteRunner.java:371)
at org.testng.SuiteRunner.privateRun(SuiteRunner.java:332)
at org.testng.SuiteRunner.run(SuiteRunner.java:276)
at org.testng.SuiteRunnerWorker.runSuite(SuiteRunnerWorker.java:53)
at org.testng.SuiteRunnerWorker.run(SuiteRunnerWorker.java:96)
at org.testng.TestNG.runSuitesSequentially(TestNG.java:1212)
at org.testng.TestNG.runSuitesLocally(TestNG.java:1134)
at org.testng.TestNG.runSuites(TestNG.java:1063)
at org.testng.TestNG.run(TestNG.java:1031)
at org.testng.remote.AbstractRemoteTestNG.run(AbstractRemoteTestNG.java:115)
at org.testng.remote.RemoteTestNG.initAndRun(RemoteTestNG.java:251)
at org.testng.remote.RemoteTestNG.main(RemoteTestNG.java:77)
]]>
    </failure>
  </testcase> <!-- Sortable -->
  <testcase classname="AssignDemoQA.DemoQA_Assign" name="Alerts" time="0.0">
    <ignored/>
  </testcase> <!-- Alerts -->
  <testcase classname="AssignDemoQA.DemoQA_Assign" name="Drag" time="0.0">
    <ignored/>
  </testcase> <!-- Drag -->
  <testcase classname="AssignDemoQA.DemoQA_Assign" name="DynamicProper" time="0.0">
    <ignored/>
  </testcase> <!-- DynamicProper -->
  <testcase classname="AssignDemoQA.DemoQA_Assign" name="Dragdrop" time="0.0">
    <ignored/>
  </testcase> <!-- Dragdrop -->
  <testcase classname="AssignDemoQA.DemoQA_Assign" name="modaldialogs" time="0.0">
    <ignored/>
  </testcase> <!-- modaldialogs -->
  <testcase classname="AssignDemoQA.DemoQA_Assign" name="Autocomplete" time="0.0">
    <ignored/>
  </testcase> <!-- Autocomplete -->
  <testcase classname="AssignDemoQA.DemoQA_Assign" name="Checkbox" time="0.0">
    <ignored/>
  </testcase> <!-- Checkbox -->
  <testcase classname="AssignDemoQA.DemoQA_Assign" name="Forms" time="0.0">
    <ignored/>
  </testcase> <!-- Forms -->
  <testcase classname="AssignDemoQA.DemoQA_Assign" name="Datepicker" time="0.0">
    <ignored/>
  </testcase> <!-- Datepicker -->
  <testcase classname="AssignDemoQA.DemoQA_Assign" name="Progressbar" time="0.0">
    <ignored/>
  </testcase> <!-- Progressbar -->
  <testcase classname="AssignDemoQA.DemoQA_Assign" name="Mousehover" time="0.0">
    <ignored/>
  </testcase> <!-- Mousehover -->
  <testcase classname="AssignDemoQA.DemoQA_Assign" name="Select" time="0.0">
    <ignored/>
  </testcase> <!-- Select -->
  <testcase classname="AssignDemoQA.DemoQA_Assign" name="links" time="0.0">
    <ignored/>
  </testcase> <!-- links -->
  <testcase classname="AssignDemoQA.DemoQA_Assign" name="upload" time="0.0">
    <ignored/>
  </testcase> <!-- upload -->
  <testcase classname="AssignDemoQA.DemoQA_Assign" name="Slider" time="0.0">
    <ignored/>
  </testcase> <!-- Slider -->
  <testcase classname="AssignDemoQA.DemoQA_Assign" name="BrowserWindow" time="0.0">
    <ignored/>
  </testcase> <!-- BrowserWindow -->
  <testcase classname="AssignDemoQA.DemoQA_Assign" name="broken" time="0.0">
    <ignored/>
  </testcase> <!-- broken -->
  <testcase classname="AssignDemoQA.DemoQA_Assign" name="Frames" time="0.0">
    <ignored/>
  </testcase> <!-- Frames -->
  <testcase classname="AssignDemoQA.DemoQA_Assign" name="Resizable" time="0.0">
    <ignored/>
  </testcase> <!-- Resizable -->
  <testcase classname="AssignDemoQA.DemoQA_Assign" name="RadioButton" time="0.0">
    <ignored/>
  </testcase> <!-- RadioButton -->
  <testcase classname="AssignDemoQA.DemoQA_Assign" name="Webtables" time="0.0">
    <ignored/>
  </testcase> <!-- Webtables -->
  <testcase classname="AssignDemoQA.DemoQA_Assign" name="Textbox" time="0.0">
    <ignored/>
  </testcase> <!-- Textbox -->
</testsuite> <!-- Default test -->
